<?xml version="1.0" encoding="UTF-8"?>
<testsuite xmlns:xsi="http://www.w3.org/2001/XMLSchema-instance" xsi:schemaLocation="https://maven.apache.org/surefire/maven-surefire-plugin/xsd/surefire-test-report.xsd" name="test.java.edu.uw.ajs.TestSuite" time="0.694" tests="18" errors="0" skipped="0" failures="3">
  <properties>
    <property name="java.runtime.name" value="Java(TM) SE Runtime Environment"/>
    <property name="sun.boot.library.path" value="C:\Program Files\Java\jdk1.8.0_101\jre\bin"/>
    <property name="java.vm.version" value="25.101-b13"/>
    <property name="java.vm.vendor" value="Oracle Corporation"/>
    <property name="maven.multiModuleProjectDirectory" value="C:\Personal\Java 130 A\Assignment"/>
    <property name="java.vendor.url" value="http://java.oracle.com/"/>
    <property name="path.separator" value=";"/>
    <property name="guice.disable.misplaced.annotation.check" value="true"/>
    <property name="java.vm.name" value="Java HotSpot(TM) 64-Bit Server VM"/>
    <property name="file.encoding.pkg" value="sun.io"/>
    <property name="user.script" value=""/>
    <property name="user.country" value="US"/>
    <property name="sun.java.launcher" value="SUN_STANDARD"/>
    <property name="sun.os.patch.level" value="Service Pack 1"/>
    <property name="java.vm.specification.name" value="Java Virtual Machine Specification"/>
    <property name="user.dir" value="C:\Personal\Java 130 A\Assignment"/>
    <property name="java.runtime.version" value="1.8.0_101-b13"/>
    <property name="java.awt.graphicsenv" value="sun.awt.Win32GraphicsEnvironment"/>
    <property name="java.endorsed.dirs" value="C:\Program Files\Java\jdk1.8.0_101\jre\lib\endorsed"/>
    <property name="os.arch" value="amd64"/>
    <property name="java.io.tmpdir" value="C:\Users\CHQ-AL~1.EXP\AppData\Local\Temp\"/>
    <property name="line.separator" value="&#10;"/>
    <property name="java.vm.specification.vendor" value="Oracle Corporation"/>
    <property name="user.variant" value=""/>
    <property name="os.name" value="Windows 7"/>
    <property name="classworlds.conf" value="C:\Users\chq-alexs.EXPEDITORS\Desktop\apache-maven-3.3.9\bin\..\bin\m2.conf"/>
    <property name="sun.jnu.encoding" value="Cp1252"/>
    <property name="java.library.path" value="C:\Program Files\Java\jdk1.8.0_101\bin;C:\WINDOWS\Sun\Java\bin;C:\WINDOWS\system32;C:\WINDOWS;C:\Program Files (x86)\Intel\iCLS Client\;C:\Program Files\Intel\iCLS Client\;C:\Program Files (x86)\Reflection;C:\ProgramData\Oracle\Java\javapath;C:\WINDOWS\system32;C:\WINDOWS;C:\WINDOWS\System32\Wbem;C:\WINDOWS\System32\WindowsPowerShell\v1.0\;C:\Program Files\Intel\DMIX;C:\WINDOWS\CCM;C:\WINDOWS\CCM;C:\WINDOWS\CCM;C:\WINDOWS\CCM;C:\WINDOWS\CCM;C:\WINDOWS\CCM;c:\edidoc;c:\edigen;c:\edigen\lib;C:\WINDOWS\CCM;C:\Program Files\ibm\gsk8\lib64;C:\Program Files (x86)\ibm\gsk8\lib;C:\PROGRA~1\IBM\SQLLIB\BIN;C:\PROGRA~1\IBM\SQLLIB\FUNCTION;C:\PROGRA~1\IBM\SQLLIB\SAMPLES\REPL;C:\WINDOWS\CCM;C:\WINDOWS\CCM;C:\WINDOWS\CCM;C:\WINDOWS\CCM;C:\WINDOWS\CCM;C:\WINDOWS\CCM;C:\WINDOWS\CCM;C:\WINDOWS\CCM;C:\Program Files\TortoiseSVN\bin;C:\WINDOWS\CCM;C:\Program Files (x86)\NVIDIA Corporation\PhysX\Common;C:\Program Files (x86)\Intel\Intel(R) Management Engine Components\DAL;C:\Program Files\Intel\Intel(R) Management Engine Components\DAL;C:\Program Files (x86)\Intel\Intel(R) Management Engine Components\IPT;C:\Program Files\Intel\Intel(R) Management Engine Components\IPT;C:\Program Files\Lenovo\Touch Fingerprint Software\;C:\Program Files\Intel\WiFi\bin\;C:\Program Files\Common Files\Intel\WirelessCommon\;C:\Users\chq-alexs.EXPEDITORS\Desktop\apache-maven-3.3.9\bin;C:\Program Files (x86)\Skype\Phone\;."/>
    <property name="java.specification.name" value="Java Platform API Specification"/>
    <property name="java.class.version" value="52.0"/>
    <property name="sun.management.compiler" value="HotSpot 64-Bit Tiered Compilers"/>
    <property name="os.version" value="6.1"/>
    <property name="user.home" value="C:\Users\chq-alexs.EXPEDITORS"/>
    <property name="user.timezone" value="America/Los_Angeles"/>
    <property name="java.awt.printerjob" value="sun.awt.windows.WPrinterJob"/>
    <property name="java.specification.version" value="1.8"/>
    <property name="file.encoding" value="Cp1252"/>
    <property name="user.name" value="chq-alexs"/>
    <property name="java.class.path" value="C:\Users\chq-alexs.EXPEDITORS\Desktop\apache-maven-3.3.9\bin\..\boot\plexus-classworlds-2.5.2.jar"/>
    <property name="org.slf4j.simpleLogger.defaultLogLevel" value="error"/>
    <property name="java.vm.specification.version" value="1.8"/>
    <property name="sun.arch.data.model" value="64"/>
    <property name="java.home" value="C:\Program Files\Java\jdk1.8.0_101\jre"/>
    <property name="sun.java.command" value="org.codehaus.plexus.classworlds.launcher.Launcher -q test"/>
    <property name="java.specification.vendor" value="Oracle Corporation"/>
    <property name="user.language" value="en"/>
    <property name="awt.toolkit" value="sun.awt.windows.WToolkit"/>
    <property name="java.vm.info" value="mixed mode"/>
    <property name="java.version" value="1.8.0_101"/>
    <property name="java.ext.dirs" value="C:\Program Files\Java\jdk1.8.0_101\jre\lib\ext;C:\WINDOWS\Sun\Java\lib\ext"/>
    <property name="sun.boot.class.path" value="C:\Program Files\Java\jdk1.8.0_101\jre\lib\resources.jar;C:\Program Files\Java\jdk1.8.0_101\jre\lib\rt.jar;C:\Program Files\Java\jdk1.8.0_101\jre\lib\sunrsasign.jar;C:\Program Files\Java\jdk1.8.0_101\jre\lib\jsse.jar;C:\Program Files\Java\jdk1.8.0_101\jre\lib\jce.jar;C:\Program Files\Java\jdk1.8.0_101\jre\lib\charsets.jar;C:\Program Files\Java\jdk1.8.0_101\jre\lib\jfr.jar;C:\Program Files\Java\jdk1.8.0_101\jre\classes"/>
    <property name="sun.stderr.encoding" value="cp437"/>
    <property name="java.vendor" value="Oracle Corporation"/>
    <property name="maven.home" value="C:\Users\chq-alexs.EXPEDITORS\Desktop\apache-maven-3.3.9\bin\.."/>
    <property name="file.separator" value="\"/>
    <property name="java.vendor.url.bug" value="http://bugreport.sun.com/bugreport/"/>
    <property name="sun.cpu.endian" value="little"/>
    <property name="sun.io.unicode.encoding" value="UnicodeLittle"/>
    <property name="sun.stdout.encoding" value="cp437"/>
    <property name="sun.desktop" value="windows"/>
    <property name="sun.cpu.isalist" value="amd64"/>
  </properties>
  <testcase name="testBadNameAccountCreation" classname="test.AccountTest" time="0.249"/>
  <testcase name="testBadBalanceAccountCreation" classname="test.AccountTest" time="0.031"/>
  <testcase name="testGoodAccountCreation" classname="test.AccountTest" time="0.016"/>
  <testcase name="testSetAccountName" classname="test.AccountTest" time="0.017"/>
  <testcase name="testReloadFile" classname="test.AccountManagerTest" time="0.047"/>
  <testcase name="testCreateDuplicateUsername" classname="test.AccountManagerTest" time="0.008">
    <failure message="Should have thrown AccountException" type="java.lang.AssertionError">java.lang.AssertionError: Should have thrown AccountException
	at test.AccountManagerTest.testCreateDuplicateUsername(AccountManagerTest.java:223)
</failure>
    <system-out><![CDATA[100000
500000
100000
]]></system-out>
  </testcase>
  <testcase name="testClose" classname="test.AccountManagerTest" time="0.014"/>
  <testcase name="testPersist" classname="test.AccountManagerTest" time="0.023"/>
  <testcase name="testGetAccount" classname="test.AccountManagerTest" time="0.016"/>
  <testcase name="testValidate" classname="test.AccountManagerTest" time="0.014"/>
  <testcase name="testRegistration" classname="test.AccountManagerTest" time="0.016">
    <failure message="expected:&lt;110000&gt; but was:&lt;10000&gt;" type="java.lang.AssertionError"><![CDATA[java.lang.AssertionError: expected:<110000> but was:<10000>
	at test.AccountManagerTest.testRegistration(AccountManagerTest.java:252)
]]></failure>
    <system-out><![CDATA[100000
500000
100000
]]></system-out>
  </testcase>
  <testcase name="testDeleteAccount" classname="test.AccountManagerTest" time="0.017"/>
  <testcase name="testMultipleGetAccount" classname="test.AccountManagerTest" time="0.018"/>
  <testcase name="testClose" classname="test.DaoTest" time="0.038"/>
  <testcase name="testReset" classname="test.DaoTest" time="0.037"/>
  <testcase name="testDelete" classname="test.DaoTest" time="0.024"/>
  <testcase name="testReload" classname="test.DaoTest" time="0.023"/>
  <testcase name="testSetGet" classname="test.DaoTest" time="0.027">
    <failure message="expected null, but was:&lt;main.java.edu.uw.ajs.account.AddressImpl@5ef60048&gt;" type="java.lang.AssertionError"><![CDATA[java.lang.AssertionError: expected null, but was:<main.java.edu.uw.ajs.account.AddressImpl@5ef60048>
	at test.DaoTest.testSetGet(DaoTest.java:360)
]]></failure>
    <system-out><![CDATA[100000
500000
200000
500000
100000
500000
200000
500000
100000
]]></system-out>
  </testcase>
</testsuite>